{
  "RSpec": {
    "coverage": {
      "/Users/judyair/bighippo/projects/hashrobot/hashrobot/app/helpers/application_helper.rb": [
        1,
        null
      ],
      "/Users/judyair/bighippo/projects/hashrobot/hashrobot/app/helpers/categories_helper.rb": [
        1,
        null
      ],
      "/Users/judyair/bighippo/projects/hashrobot/hashrobot/app/helpers/static_helper.rb": [
        1,
        null
      ],
      "/Users/judyair/bighippo/projects/hashrobot/hashrobot/app/helpers/tweets_helper.rb": [
        1,
        null
      ],
      "/Users/judyair/bighippo/projects/hashrobot/hashrobot/app/helpers/users_helper.rb": [
        1,
        null
      ],
      "/Users/judyair/bighippo/projects/hashrobot/hashrobot/app/controllers/pages_controller.rb": [
        1,
        1,
        null,
        null,
        1,
        null,
        null
      ],
      "/Users/judyair/bighippo/projects/hashrobot/hashrobot/app/controllers/application_controller.rb": [
        1,
        null,
        null,
        1,
        null,
        1,
        null,
        1,
        null,
        1,
        0,
        null,
        null,
        null,
        1,
        0,
        0,
        0,
        null,
        null,
        null,
        null,
        null
      ],
      "/Users/judyair/bighippo/projects/hashrobot/hashrobot/app/controllers/tweets_controller.rb": [
        1,
        null,
        1,
        null,
        1,
        null,
        0,
        null,
        null,
        1,
        null,
        null,
        null,
        1,
        null,
        null,
        null,
        1,
        null,
        null,
        0,
        null,
        0,
        null,
        0,
        null,
        null,
        0,
        null,
        0,
        null,
        null,
        null,
        0,
        null,
        null,
        1,
        null,
        0,
        0,
        null,
        null,
        1,
        null,
        1,
        null,
        0,
        null,
        null,
        1,
        null,
        0,
        null,
        0,
        0,
        0,
        0,
        null,
        null,
        null
      ],
      "/Users/judyair/bighippo/projects/hashrobot/hashrobot/app/controllers/users_controller.rb": [
        1,
        1,
        null,
        null,
        1,
        null,
        null
      ],
      "/Users/judyair/bighippo/projects/hashrobot/hashrobot/app/models/category.rb": [
        1,
        1,
        1,
        null
      ],
      "/Users/judyair/bighippo/projects/hashrobot/hashrobot/app/models/category_tag.rb": [
        1,
        1,
        1,
        null
      ],
      "/Users/judyair/bighippo/projects/hashrobot/hashrobot/app/models/label.rb": [
        1,
        null
      ],
      "/Users/judyair/bighippo/projects/hashrobot/hashrobot/app/models/tag.rb": [
        1,
        1,
        1,
        null
      ],
      "/Users/judyair/bighippo/projects/hashrobot/hashrobot/app/models/tweet.rb": [
        1,
        null,
        1,
        null,
        null
      ],
      "/Users/judyair/bighippo/projects/hashrobot/hashrobot/app/models/user.rb": [
        1,
        null,
        1,
        null,
        0,
        0,
        0,
        0,
        0,
        0,
        0,
        0,
        0,
        null,
        null
      ]
    },
    "timestamp": 1435369033
  }
}